<?xml version="1.0" encoding="UTF-8"?>
<testsuite xmlns:xsi="http://www.w3.org/2001/XMLSchema-instance" xsi:noNamespaceSchemaLocation="https://maven.apache.org/surefire/maven-surefire-plugin/xsd/surefire-test-report.xsd" name="com.example.employee.controller.EmployeeControllerTest" time="4.795" tests="4" errors="0" skipped="0" failures="0">
  <properties>
[...]
</properties>
  <testcase name="deleteEmployee_ShouldReturnNoContent" classname="com.example.employee.controller.EmployeeControllerTest" time="0.114"/>
  <testcase name="createEmployee_ShouldReturnCreatedEmployee" classname="com.example.employee.controller.EmployeeControllerTest" time="0.142"/>
  <testcase name="getEmployee_ShouldReturnEmployee" classname="com.example.employee.controller.EmployeeControllerTest" time="0.007"/>
  <testcase name="getEmployeesByDepartment_ShouldReturnEmployeesList" classname="com.example.employee.controller.EmployeeControllerTest" time="0.008"/>
</testsuite>